<?xml version="1.0" encoding="UTF-8" ?>
<testsuites>
  <testsuite errors="0" failures="0" hostname="CadStudio" id="0" name="UserControllerTests" package="racetrack" tests="3" time="6.557" timestamp="2012-08-30T16:27:59">
      <properties />

      <testcase classname="racetrack.UserControllerTests" name="testAuthenticate" time="6.073" />

      <testcase classname="racetrack.UserControllerTests" name="testIndex" time="0.134" />

      <testcase classname="racetrack.UserControllerTests" name="testShow" time="0.28" />

      <system-out><![CDATA[--Output from testAuthenticate--
--Output from testIndex--
--Output from testShow--
]]></system-out>

      <system-err><![CDATA[--Output from testAuthenticate--
--Output from testIndex--
--Output from testShow--
]]></system-err>

  </testsuite>
</testsuites>
